<?xml version="1.0" encoding="UTF-8"?>
<!-- Generated by org.testng.reporters.JUnitXMLReporter -->
<testsuite hostname="Jayarees-MacBook-Pro.local" ignored="0" name="Chrome" tests="18" failures="4" timestamp="27 Sep 2019 09:04:20 GMT" time="414.005" errors="0">
  <testcase name="i_am_not_a_user_of_agate_on_cricketer_and_I_open_a_browser" time="1.397" classname="Stepdef.Cricketer_Register_First_Use_Notice"/>
  <testcase name="i_navigate_to_a_premium_article_on_cricketer" time="12.333" classname="Stepdef.Cricketer_Register_First_Use_Notice"/>
  <testcase name="i_click_on_the_create_wallet_button" time="18.447" classname="Stepdef.Cricketer_Register_First_Use_Notice"/>
  <testcase name="i_verify_that_the_create_wallet_button_takes_me_to_the_reg_page" time="12.034" classname="Stepdef.Cricketer_Register_First_Use_Notice"/>
  <testcase name="i_enter_all_the_details_successfully" time="55.649" classname="Stepdef.Cricketer_Register_First_Use_Notice"/>
  <testcase name="i_am_registered_as_an_agate_user_on_cricketer_successfully_and_I_am_shown_a_first_use_notice" time="58.432" classname="Stepdef.Cricketer_Register_First_Use_Notice"/>
  <testcase name="i_am_a_registered_user_of_Cricketer_and_I_open_a_browser" time="0.869" classname="Stepdef.Cricketer_login_first_use_notice"/>
  <testcase name="i_navigate_to_a_premium_article_on_Cricketer" time="13.19" classname="Stepdef.Cricketer_login_first_use_notice"/>
  <testcase name="i_click_on_Login_from_Cricketer_First_use_notice" time="21.08" classname="Stepdef.Cricketer_login_first_use_notice"/>
  <testcase name="i_verify_that_the_Login_Button_Navigates_me_to_the_login_page_to_log_me_in_to_Cricketer" time="10.305" classname="Stepdef.Cricketer_login_first_use_notice"/>
  <testcase name="entering_the_correct_email_and_password_logs_me_in_to_Cricketer" time="7.321" classname="Stepdef.Cricketer_login_first_use_notice"/>
  <testcase name="verify_that_I_am_being_navigated_to_the_same_article_on_cricketer" time="28.618" classname="Stepdef.Cricketer_login_first_use_notice"/>
  <testcase name="i_am_a_registered_Agate_User_and_I_login_in_to_Cricketer" time="67.784" classname="Stepdef.Cricketer_Transaction"/>
  <testcase name="i_read_a_premium_article_on_cricketer" time="17.362" classname="Stepdef.Cricketer_Transaction"/>
  <testcase name="the_wallet_balance_and_free_point_are_deducted_by_x_amount_on_cricketer_wallet" time="48.149" classname="Stepdef.Cricketer_Transaction">
    <failure type="org.openqa.selenium.WebDriverException" message="unknown error: Element &amp;lt;iframe id=&amp;quot;iframe__inpage_notices&amp;quot; class=&amp;quot;&amp;quot; style=&amp;quot;display: block; width: 100%; height: 361px; border: none;&amp;quot; cd_frame_id_=&amp;quot;da37de748e96119a709a3ee79a6842e5&amp;quot;&amp;gt;&amp;lt;/iframe&amp;gt; is not clickable at point (398, 20). Other element would receive the click: &amp;lt;div class=&amp;quot;col-md-6&amp;quot;&amp;gt;...&amp;lt;/div&amp;gt;
  (Session info: chrome=77.0.3865.90)
  (Driver info: chromedriver=2.43.600229 (3fae4d0cda5334b4f533bede5a4787f7b832d052),platform=Mac OS X 10.14.6 x86_64) (WARNING: The server did not provide any stacktrace information)
Command duration or timeout: 0 milliseconds
Build info: version: &amp;apos;3.141.59&amp;apos;, revision: &amp;apos;e82be7d358&amp;apos;, time: &amp;apos;2018-11-14T08:17:03&amp;apos;
System info: host: &amp;apos;Jayarees-MacBook-Pro.local&amp;apos;, ip: &amp;apos;fe80:0:0:0:49c:379:c779:b658%en0&amp;apos;, os.name: &amp;apos;Mac OS X&amp;apos;, os.arch: &amp;apos;x86_64&amp;apos;, os.version: &amp;apos;10.14.6&amp;apos;, java.version: &amp;apos;1.8.0_191&amp;apos;
Driver info: org.openqa.selenium.chrome.ChromeDriver
Capabilities {acceptInsecureCerts: false, acceptSslCerts: false, applicationCacheEnabled: false, browserConnectionEnabled: false, browserName: chrome, chrome: {chromedriverVersion: 2.43.600229 (3fae4d0cda5334..., userDataDir: /var/folders/s6/h3svzd2j4f3...}, cssSelectorsEnabled: true, databaseEnabled: false, goog:chromeOptions: {debuggerAddress: localhost:58599}, handlesAlerts: true, hasTouchScreen: false, javascriptEnabled: true, locationContextEnabled: true, mobileEmulationEnabled: false, nativeEvents: true, networkConnectionEnabled: false, pageLoadStrategy: normal, platform: MAC, platformName: MAC, rotatable: false, setWindowRect: true, takesHeapSnapshot: true, takesScreenshot: true, unexpectedAlertBehaviour: , unhandledPromptBehavior: , version: 77.0.3865.90, webStorageEnabled: true}
Session ID: 699b7a1341e26641ccb95bf64fb83e06">
      <![CDATA[org.openqa.selenium.WebDriverException: unknown error: Element <iframe id="iframe__inpage_notices" class="" style="display: block; width: 100%; height: 361px; border: none;" cd_frame_id_="da37de748e96119a709a3ee79a6842e5"></iframe> is not clickable at point (398, 20). Other element would receive the click: <div class="col-md-6">...</div>
  (Session info: chrome=77.0.3865.90)
  (Driver info: chromedriver=2.43.600229 (3fae4d0cda5334b4f533bede5a4787f7b832d052),platform=Mac OS X 10.14.6 x86_64) (WARNING: The server did not provide any stacktrace information)
Command duration or timeout: 0 milliseconds
Build info: version: '3.141.59', revision: 'e82be7d358', time: '2018-11-14T08:17:03'
System info: host: 'Jayarees-MacBook-Pro.local', ip: 'fe80:0:0:0:49c:379:c779:b658%en0', os.name: 'Mac OS X', os.arch: 'x86_64', os.version: '10.14.6', java.version: '1.8.0_191'
Driver info: org.openqa.selenium.chrome.ChromeDriver
Capabilities {acceptInsecureCerts: false, acceptSslCerts: false, applicationCacheEnabled: false, browserConnectionEnabled: false, browserName: chrome, chrome: {chromedriverVersion: 2.43.600229 (3fae4d0cda5334..., userDataDir: /var/folders/s6/h3svzd2j4f3...}, cssSelectorsEnabled: true, databaseEnabled: false, goog:chromeOptions: {debuggerAddress: localhost:58599}, handlesAlerts: true, hasTouchScreen: false, javascriptEnabled: true, locationContextEnabled: true, mobileEmulationEnabled: false, nativeEvents: true, networkConnectionEnabled: false, pageLoadStrategy: normal, platform: MAC, platformName: MAC, rotatable: false, setWindowRect: true, takesHeapSnapshot: true, takesScreenshot: true, unexpectedAlertBehaviour: , unhandledPromptBehavior: , version: 77.0.3865.90, webStorageEnabled: true}
Session ID: 699b7a1341e26641ccb95bf64fb83e06
at org.openqa.selenium.remote.ErrorHandler.createThrowable(ErrorHandler.java:214)
at org.openqa.selenium.remote.ErrorHandler.throwIfResponseFailed(ErrorHandler.java:166)
at org.openqa.selenium.remote.http.JsonHttpResponseCodec.reconstructValue(JsonHttpResponseCodec.java:40)
at org.openqa.selenium.remote.http.AbstractHttpResponseCodec.decode(AbstractHttpResponseCodec.java:80)
at org.openqa.selenium.remote.http.AbstractHttpResponseCodec.decode(AbstractHttpResponseCodec.java:44)
at org.openqa.selenium.remote.HttpCommandExecutor.execute(HttpCommandExecutor.java:158)
at org.openqa.selenium.remote.service.DriverCommandExecutor.execute(DriverCommandExecutor.java:83)
at org.openqa.selenium.remote.RemoteWebDriver.execute(RemoteWebDriver.java:552)
at org.openqa.selenium.remote.RemoteWebElement.execute(RemoteWebElement.java:285)
at org.openqa.selenium.remote.RemoteWebElement.click(RemoteWebElement.java:84)
at Elements.Authorise_charge_notice_popbitch.authorise_charge_notice_click_continue(Authorise_charge_notice_popbitch.java:37)
at Stepdef.Cricketer_Transaction.the_wallet_balance_and_free_point_are_deducted_by_x_amount_on_cricketer_wallet(Cricketer_Transaction.java:252)
... Removed 29 stack frames]]>
    </failure>
  </testcase> <!-- the_wallet_balance_and_free_point_are_deducted_by_x_amount_on_cricketer_wallet -->
  <testcase name="the_popbitch_wallet_balance_is_updated_same_as_cricketer_and_free_point_remains_uneffected" time="13.4" classname="Stepdef.Cricketer_Transaction">
    <failure type="java.lang.AssertionError" message="expected:&amp;lt;0.2&amp;gt; but was:&amp;lt;0.8&amp;gt;">
      <![CDATA[java.lang.AssertionError: expected:<0.2> but was:<0.8>
at Stepdef.Cricketer_Transaction.the_popbitch_wallet_balance_is_updated_same_as_cricketer_and_free_point_remains_uneffected(Cricketer_Transaction.java:378)
... Removed 29 stack frames]]>
    </failure>
  </testcase> <!-- the_popbitch_wallet_balance_is_updated_same_as_cricketer_and_free_point_remains_uneffected -->
  <testcase name="reaction_wallet_balance_is_updated_and_free_point_remains_uneffected" time="13.567" classname="Stepdef.Cricketer_Transaction">
    <failure type="java.lang.AssertionError" message="expected:&amp;lt;0.2&amp;gt; but was:&amp;lt;0.8&amp;gt;">
      <![CDATA[java.lang.AssertionError: expected:<0.2> but was:<0.8>
at Stepdef.Cricketer_Transaction.reaction_wallet_balance_is_updated_and_free_point_remains_uneffected(Cricketer_Transaction.java:439)
... Removed 29 stack frames]]>
    </failure>
  </testcase> <!-- reaction_wallet_balance_is_updated_and_free_point_remains_uneffected -->
  <testcase name="cornwall_wallet_balance_remains_and_is_uneffected_according_to_cricketer" time="14.02" classname="Stepdef.Cricketer_Transaction">
    <failure type="java.lang.AssertionError" message="expected:&amp;lt;0.2&amp;gt; but was:&amp;lt;0.8&amp;gt;">
      <![CDATA[java.lang.AssertionError: expected:<0.2> but was:<0.8>
at Stepdef.Cricketer_Transaction.cornwall_wallet_balance_remains_and_is_uneffected_according_to_cricketer(Cricketer_Transaction.java:503)
... Removed 29 stack frames]]>
    </failure>
  </testcase> <!-- cornwall_wallet_balance_remains_and_is_uneffected_according_to_cricketer -->
</testsuite> <!-- Chrome -->
