<?xml version="1.0" encoding="UTF-8"?>
<!-- Generated by org.testng.reporters.JUnitXMLReporter -->
<testsuite hostname="Jayarees-MacBook-Pro.local" ignored="0" name="Firefox" tests="23" failures="2" timestamp="18 Nov 2019 15:47:08 GMT" time="129.929" errors="0">
  <testcase name="i_am_a_user_of_Axate_and_I_am_on_the_registration_page_through_popbitch_FUN" time="7.37" classname="Stepdef.Popbitch.Popbitch_register_from_first_use_notice"/>
  <testcase name="i_enter_all_the_required_details_on_step_one_and_click_on_continue" time="13.406" classname="Stepdef.Popbitch.Popbitch_register_from_first_use_notice"/>
  <testcase name="top_up_with_a_valid_card_in_steptwo_with_one_pound_and_click_on_continue" time="3.805" classname="Stepdef.Popbitch.Popbitch_register_from_first_use_notice"/>
  <testcase name="i_get_a_funded_axate_wallet_with_one_pound_in_it" time="8.576" classname="Stepdef.Popbitch.Popbitch_register_from_first_use_notice"/>
  <testcase name="navigated_to_the_same_article" time="0.003" classname="Stepdef.Popbitch.Popbitch_register_from_first_use_notice"/>
  <testcase name="finish_notice_appears" time="3.777" classname="Stepdef.Popbitch.Popbitch_register_from_first_use_notice"/>
  <testcase name="i_am_a_user_of_Axate_and_I_am_on_the_registration_page_through_popbitch_Wallet_homepages" time="6.979" classname="Stepdef.Popbitch.Popbitch_register_from_wallet"/>
  <testcase name="i_enter_all_the_required_details_on_step_one_and_click_on_continue" time="13.167" classname="Stepdef.Popbitch.Popbitch_register_from_wallet"/>
  <testcase name="top_up_with_a_valid_card_in_steptwo_with_one_pound_and_click_on_continue" time="3.808" classname="Stepdef.Popbitch.Popbitch_register_from_wallet"/>
  <testcase name="i_get_a_funded_axate_wallet_with_one_pound_in_it" time="8.597" classname="Stepdef.Popbitch.Popbitch_register_from_wallet"/>
  <testcase name="navigated_to_popbitch_com" time="3.686" classname="Stepdef.Popbitch.Popbitch_register_from_wallet"/>
  <testcase name="i_am_a_user_of_Axate_and_I_am_on_the_login_page_through_popbitch_FUN" time="5.177" classname="Stepdef.Popbitch.Popbitch_register_from_login_page"/>
  <testcase name="I_click_on_register_here_on_the_login_page" time="0.365" classname="Stepdef.Popbitch.Popbitch_register_from_login_page"/>
  <testcase name="i_enter_all_the_required_details_on_step_one_and_click_on_continue" time="13.449" classname="Stepdef.Popbitch.Popbitch_register_from_login_page"/>
  <testcase name="top_up_with_a_valid_card_in_steptwo_with_one_pound_and_click_on_continue" time="3.833" classname="Stepdef.Popbitch.Popbitch_register_from_login_page"/>
  <testcase name="i_get_a_funded_axate_wallet_with_one_pound_in_it" time="11.786" classname="Stepdef.Popbitch.Popbitch_register_from_login_page"/>
  <testcase name="navigated_to_the_same_article" time="0.003" classname="Stepdef.Popbitch.Popbitch_register_from_login_page">
    <failure type="java.lang.AssertionError" message="expected [http://popbitch.agate.one/2017/10/the-harder-they-fall-2/] but found [http://popbitch.agate.one/2017/10/the-harder-they-fall-2/undefined]">
      <![CDATA[java.lang.AssertionError: expected [http://popbitch.agate.one/2017/10/the-harder-they-fall-2/] but found [http://popbitch.agate.one/2017/10/the-harder-they-fall-2/undefined]
at Stepdef.Popbitch.Popbitch_register_from_login_page.navigated_to_the_same_article(Popbitch_register_from_login_page.java:145)
... Removed 31 stack frames]]>
    </failure>
  </testcase> <!-- navigated_to_the_same_article -->
  <testcase name="finish_notice_appears" time="2.019" classname="Stepdef.Popbitch.Popbitch_register_from_login_page">
    <failure type="org.openqa.selenium.NoSuchElementException" message="Unable to locate element: //*[@id=&amp;quot;iframe__popup_notices&amp;quot;]
For documentation on this error, please visit: https://www.seleniumhq.org/exceptions/no_such_element.html
Build info: version: &amp;apos;3.141.59&amp;apos;, revision: &amp;apos;e82be7d358&amp;apos;, time: &amp;apos;2018-11-14T08:17:03&amp;apos;
System info: host: &amp;apos;Jayarees-MacBook-Pro.local&amp;apos;, ip: &amp;apos;fe80:0:0:0:10f9:814:3c56:11d8%en0&amp;apos;, os.name: &amp;apos;Mac OS X&amp;apos;, os.arch: &amp;apos;x86_64&amp;apos;, os.version: &amp;apos;10.14.6&amp;apos;, java.version: &amp;apos;1.8.0_191&amp;apos;
Driver info: org.openqa.selenium.firefox.FirefoxDriver
Capabilities {acceptInsecureCerts: true, browserName: firefox, browserVersion: 70.0.1, javascriptEnabled: true, moz:accessibilityChecks: false, moz:buildID: 20191030021342, moz:geckodriverVersion: 0.26.0, moz:headless: false, moz:processID: 92512, moz:profile: /var/folders/s6/h3svzd2j4f3..., moz:shutdownTimeout: 60000, moz:useNonSpecCompliantPointerOrigin: false, moz:webdriverClick: true, pageLoadStrategy: normal, platform: MAC, platformName: MAC, platformVersion: 18.7.0, rotatable: false, setWindowRect: true, strictFileInteractability: false, timeouts: {implicit: 0, pageLoad: 300000, script: 30000}, unhandledPromptBehavior: dismiss and notify}
Session ID: 63817056-d06c-7444-8244-8c82f8dc8b38
*** Element info: {Using=xpath, value=//*[@id=&amp;quot;iframe__popup_notices&amp;quot;]}">
      <![CDATA[org.openqa.selenium.NoSuchElementException: Unable to locate element: //*[@id="iframe__popup_notices"]
For documentation on this error, please visit: https://www.seleniumhq.org/exceptions/no_such_element.html
Build info: version: '3.141.59', revision: 'e82be7d358', time: '2018-11-14T08:17:03'
System info: host: 'Jayarees-MacBook-Pro.local', ip: 'fe80:0:0:0:10f9:814:3c56:11d8%en0', os.name: 'Mac OS X', os.arch: 'x86_64', os.version: '10.14.6', java.version: '1.8.0_191'
Driver info: org.openqa.selenium.firefox.FirefoxDriver
Capabilities {acceptInsecureCerts: true, browserName: firefox, browserVersion: 70.0.1, javascriptEnabled: true, moz:accessibilityChecks: false, moz:buildID: 20191030021342, moz:geckodriverVersion: 0.26.0, moz:headless: false, moz:processID: 92512, moz:profile: /var/folders/s6/h3svzd2j4f3..., moz:shutdownTimeout: 60000, moz:useNonSpecCompliantPointerOrigin: false, moz:webdriverClick: true, pageLoadStrategy: normal, platform: MAC, platformName: MAC, platformVersion: 18.7.0, rotatable: false, setWindowRect: true, strictFileInteractability: false, timeouts: {implicit: 0, pageLoad: 300000, script: 30000}, unhandledPromptBehavior: dismiss and notify}
Session ID: 63817056-d06c-7444-8244-8c82f8dc8b38
*** Element info: {Using=xpath, value=//*[@id="iframe__popup_notices"]}
at org.openqa.selenium.remote.http.W3CHttpResponseCodec.createException(W3CHttpResponseCodec.java:187)
at org.openqa.selenium.remote.http.W3CHttpResponseCodec.decode(W3CHttpResponseCodec.java:122)
at org.openqa.selenium.remote.http.W3CHttpResponseCodec.decode(W3CHttpResponseCodec.java:49)
at org.openqa.selenium.remote.HttpCommandExecutor.execute(HttpCommandExecutor.java:158)
at org.openqa.selenium.remote.service.DriverCommandExecutor.execute(DriverCommandExecutor.java:83)
at org.openqa.selenium.remote.RemoteWebDriver.execute(RemoteWebDriver.java:552)
at org.openqa.selenium.remote.RemoteWebDriver.findElement(RemoteWebDriver.java:323)
at org.openqa.selenium.remote.RemoteWebDriver.findElementByXPath(RemoteWebDriver.java:428)
at org.openqa.selenium.By$ByXPath.findElement(By.java:353)
at org.openqa.selenium.remote.RemoteWebDriver.findElement(RemoteWebDriver.java:315)
at Elements.Popbitch_Finish_Notice_elements.Verify_finish_notice_appears(Popbitch_Finish_Notice_elements.java:86)
at Stepdef.Popbitch.Popbitch_register_from_login_page.finish_notice_appears(Popbitch_register_from_login_page.java:153)
... Removed 29 stack frames]]>
    </failure>
  </testcase> <!-- finish_notice_appears -->
  <testcase name="i_am_a_user_of_Axate_and_I_am_on_the_registration_page_through_popbitch_Wallet_homepages" time="6.531" classname="Stepdef.Popbitch.Popbitch_Payment_system_loads_on_one_pound"/>
  <testcase name="i_enter_all_the_required_details_on_step_one_and_click_on_continue" time="13.465" classname="Stepdef.Popbitch.Popbitch_Payment_system_loads_on_one_pound"/>
  <testcase name="i_click_on_one_pound_on_regpage_two" time="0.0" classname="Stepdef.Popbitch.Popbitch_Payment_system_loads_on_one_pound"/>
  <testcase name="payment_system_displays_card_option" time="0.051" classname="Stepdef.Popbitch.Popbitch_Payment_system_loads_on_one_pound"/>
  <testcase name="payment_system_displays_paypal_option" time="0.052" classname="Stepdef.Popbitch.Popbitch_Payment_system_loads_on_one_pound"/>
</testsuite> <!-- Firefox -->
