<?xml version="1.0" encoding="UTF-8"?>
<!-- Generated by org.testng.reporters.JUnitXMLReporter -->
<testsuite hostname="Jayarees-MacBook-Pro.local" ignored="0" name="safari" tests="6" failures="6" timestamp="12 Nov 2019 13:37:01 GMT" time="3.324" errors="0">
  <testcase name="i_am_a_user_of_Axate_and_I_am_on_the_registration_page_through_popbitch_FUN" time="3.276" classname="Stepdef.Popbitch_Signup_Page">
    <failure type="org.openqa.selenium.NoSuchElementException" message="
For documentation on this error, please visit: https://www.seleniumhq.org/exceptions/no_such_element.html
Build info: version: &amp;apos;3.141.59&amp;apos;, revision: &amp;apos;e82be7d358&amp;apos;, time: &amp;apos;2018-11-14T08:17:03&amp;apos;
System info: host: &amp;apos;Jayarees-MacBook-Pro.local&amp;apos;, ip: &amp;apos;fe80:0:0:0:10f9:814:3c56:11d8%en0&amp;apos;, os.name: &amp;apos;Mac OS X&amp;apos;, os.arch: &amp;apos;x86_64&amp;apos;, os.version: &amp;apos;10.14.6&amp;apos;, java.version: &amp;apos;1.8.0_191&amp;apos;
Driver info: org.openqa.selenium.safari.SafariDriver
Capabilities {acceptInsecureCerts: false, browserName: Safari, browserVersion: 12.1.2, javascriptEnabled: true, platform: MAC, platformName: MAC, safari:automaticInspection: false, safari:automaticProfiling: false, safari:diagnose: false, setWindowRect: true, strictFileInteractability: false, webkit:WebRTC: {DisableICECandidateFiltering: false, DisableInsecureMediaCapture: false}}
Session ID: C97984AA-0472-4C00-B185-5A92794D30E9
*** Element info: {Using=xpath, value=/html/body/div/div/div/div/div/div/div[1]/button/span[2]}">
      <![CDATA[org.openqa.selenium.NoSuchElementException: 
For documentation on this error, please visit: https://www.seleniumhq.org/exceptions/no_such_element.html
Build info: version: '3.141.59', revision: 'e82be7d358', time: '2018-11-14T08:17:03'
System info: host: 'Jayarees-MacBook-Pro.local', ip: 'fe80:0:0:0:10f9:814:3c56:11d8%en0', os.name: 'Mac OS X', os.arch: 'x86_64', os.version: '10.14.6', java.version: '1.8.0_191'
Driver info: org.openqa.selenium.safari.SafariDriver
Capabilities {acceptInsecureCerts: false, browserName: Safari, browserVersion: 12.1.2, javascriptEnabled: true, platform: MAC, platformName: MAC, safari:automaticInspection: false, safari:automaticProfiling: false, safari:diagnose: false, setWindowRect: true, strictFileInteractability: false, webkit:WebRTC: {DisableICECandidateFiltering: false, DisableInsecureMediaCapture: false}}
Session ID: C97984AA-0472-4C00-B185-5A92794D30E9
*** Element info: {Using=xpath, value=/html/body/div/div/div/div/div/div/div[1]/button/span[2]}
at org.openqa.selenium.remote.http.W3CHttpResponseCodec.createException(W3CHttpResponseCodec.java:187)
at org.openqa.selenium.remote.http.W3CHttpResponseCodec.decode(W3CHttpResponseCodec.java:122)
at org.openqa.selenium.remote.http.W3CHttpResponseCodec.decode(W3CHttpResponseCodec.java:49)
at org.openqa.selenium.remote.HttpCommandExecutor.execute(HttpCommandExecutor.java:158)
at org.openqa.selenium.remote.service.DriverCommandExecutor.execute(DriverCommandExecutor.java:83)
at org.openqa.selenium.remote.RemoteWebDriver.execute(RemoteWebDriver.java:552)
at org.openqa.selenium.remote.RemoteWebDriver.findElement(RemoteWebDriver.java:323)
at org.openqa.selenium.remote.RemoteWebDriver.findElementByXPath(RemoteWebDriver.java:428)
at org.openqa.selenium.By$ByXPath.findElement(By.java:353)
at org.openqa.selenium.remote.RemoteWebDriver.findElement(RemoteWebDriver.java:315)
at Elements.PopbitchFirstUseNoticeElements.Click_On_Popbitch_First_Use_Notice_Create_Wallet(PopbitchFirstUseNoticeElements.java:91)
at Stepdef.Popbitch_Signup_Page.i_am_a_user_of_Axate_and_I_am_on_the_registration_page_through_popbitch_FUN(Popbitch_Signup_Page.java:40)
... Removed 29 stack frames]]>
    </failure>
  </testcase> <!-- i_am_a_user_of_Axate_and_I_am_on_the_registration_page_through_popbitch_FUN -->
  <testcase name="i_enter_all_the_required_details_on_step_one_and_click_on_continue" time="0.002" classname="Stepdef.Popbitch_Signup_Page">
    <failure type="cucumber.api.PendingException" message="TODO: implement me">
      <![CDATA[cucumber.api.PendingException: TODO: implement me
at Stepdef.Popbitch_Signup_Page.i_enter_all_the_required_details_on_step_one_and_click_on_continue(Popbitch_Signup_Page.java:74)
... Removed 25 stack frames]]>
    </failure>
  </testcase> <!-- i_enter_all_the_required_details_on_step_one_and_click_on_continue -->
  <testcase name="top_up_with_a_valid_card_in_steptwo_with_one_pound_and_click_on_continue" time="0.001" classname="Stepdef.Popbitch_Signup_Page">
    <failure type="cucumber.api.PendingException" message="TODO: implement me">
      <![CDATA[cucumber.api.PendingException: TODO: implement me
at Stepdef.Popbitch_Signup_Page.top_up_with_a_valid_card_in_steptwo_with_one_pound_and_click_on_continue(Popbitch_Signup_Page.java:82)
... Removed 25 stack frames]]>
    </failure>
  </testcase> <!-- top_up_with_a_valid_card_in_steptwo_with_one_pound_and_click_on_continue -->
  <testcase name="i_get_a_funded_axate_wallet_with_one_pound_in_it" time="0.001" classname="Stepdef.Popbitch_Signup_Page">
    <failure type="cucumber.api.PendingException" message="TODO: implement me">
      <![CDATA[cucumber.api.PendingException: TODO: implement me
at Stepdef.Popbitch_Signup_Page.i_get_a_funded_axate_wallet_with_one_pound_in_it(Popbitch_Signup_Page.java:90)
... Removed 25 stack frames]]>
    </failure>
  </testcase> <!-- i_get_a_funded_axate_wallet_with_one_pound_in_it -->
  <testcase name="navigated_to_the_same_article" time="0.001" classname="Stepdef.Popbitch_Signup_Page">
    <failure type="cucumber.api.PendingException" message="TODO: implement me">
      <![CDATA[cucumber.api.PendingException: TODO: implement me
at Stepdef.Popbitch_Signup_Page.navigated_to_the_same_article(Popbitch_Signup_Page.java:98)
... Removed 25 stack frames]]>
    </failure>
  </testcase> <!-- navigated_to_the_same_article -->
  <testcase name="finish_notice_appears" time="0.002" classname="Stepdef.Popbitch_Signup_Page">
    <failure type="cucumber.api.PendingException" message="TODO: implement me">
      <![CDATA[cucumber.api.PendingException: TODO: implement me
at Stepdef.Popbitch_Signup_Page.finish_notice_appears(Popbitch_Signup_Page.java:106)
... Removed 25 stack frames]]>
    </failure>
  </testcase> <!-- finish_notice_appears -->
</testsuite> <!-- safari -->
