<?xml version="1.0" encoding="UTF-8"?>
<!-- Generated by org.testng.reporters.JUnitReportReporter -->
<testsuite skipped="0" hostname="Jayarees-MacBook-Pro.local" name="Stepdef.Maidenhead.POPSMO03_maidenhead_register_from_login_page" tests="7" failures="1" timestamp="22 Nov 2019 14:29:28 GMT" time="34.453" errors="0">
  <testcase name="i_am_a_user_of_Axate_and_I_am_on_the_login_page_through_maidenhead_FUN" time="5.693" classname="Stepdef.Maidenhead.POPSMO03_maidenhead_register_from_login_page"/>
  <testcase name="I_click_on_register_here_on_the_login_page" time="0.161" classname="Stepdef.Maidenhead.POPSMO03_maidenhead_register_from_login_page"/>
  <testcase name="i_enter_all_the_required_details_on_step_one_and_click_on_continue" time="13.258" classname="Stepdef.Maidenhead.POPSMO03_maidenhead_register_from_login_page"/>
  <testcase name="top_up_with_a_valid_card_in_steptwo_with_one_pound_and_click_on_continue" time="5.717" classname="Stepdef.Maidenhead.POPSMO03_maidenhead_register_from_login_page"/>
  <testcase name="i_get_a_funded_axate_wallet_with_one_pound_in_it" time="9.563" classname="Stepdef.Maidenhead.POPSMO03_maidenhead_register_from_login_page"/>
  <testcase name="navigated_to_the_same_article" time="0.005" classname="Stepdef.Maidenhead.POPSMO03_maidenhead_register_from_login_page">
    <failure type="java.lang.AssertionError" message="expected [http://maidenhead.agate.one/2017/10/the-harder-they-fall-2/] but found [http://staging.maidenhead-advertiser.co.uk/news/remember-when/137862/remember-remember-when-the-ghosts-and-guys-of-november.html]">
      <![CDATA[java.lang.AssertionError: expected [http://maidenhead.agate.one/2017/10/the-harder-they-fall-2/] but found [http://staging.maidenhead-advertiser.co.uk/news/remember-when/137862/remember-remember-when-the-ghosts-and-guys-of-november.html]
at org.testng.Assert.fail(Assert.java:96)
at org.testng.Assert.failNotEquals(Assert.java:776)
at org.testng.Assert.assertEqualsImpl(Assert.java:137)
at org.testng.Assert.assertEquals(Assert.java:118)
at org.testng.Assert.assertEquals(Assert.java:453)
at org.testng.Assert.assertEquals(Assert.java:463)
at Stepdef.Maidenhead.POPSMO03_maidenhead_register_from_login_page.navigated_to_the_same_article(POPSMO03_maidenhead_register_from_login_page.java:146)
at sun.reflect.NativeMethodAccessorImpl.invoke0(Native Method)
at sun.reflect.NativeMethodAccessorImpl.invoke(NativeMethodAccessorImpl.java:62)
at sun.reflect.DelegatingMethodAccessorImpl.invoke(DelegatingMethodAccessorImpl.java:43)
at java.lang.reflect.Method.invoke(Method.java:498)
at org.testng.internal.MethodInvocationHelper.invokeMethod(MethodInvocationHelper.java:124)
at org.testng.internal.Invoker.invokeMethod(Invoker.java:583)
at org.testng.internal.Invoker.invokeTestMethod(Invoker.java:719)
at org.testng.internal.Invoker.invokeTestMethods(Invoker.java:989)
at org.testng.internal.TestMethodWorker.invokeTestMethods(TestMethodWorker.java:125)
at org.testng.internal.TestMethodWorker.run(TestMethodWorker.java:109)
at org.testng.TestRunner.privateRun(TestRunner.java:648)
at org.testng.TestRunner.run(TestRunner.java:505)
at org.testng.SuiteRunner.runTest(SuiteRunner.java:455)
at org.testng.SuiteRunner.runSequentially(SuiteRunner.java:450)
at org.testng.SuiteRunner.privateRun(SuiteRunner.java:415)
at org.testng.SuiteRunner.run(SuiteRunner.java:364)
at org.testng.SuiteRunnerWorker.runSuite(SuiteRunnerWorker.java:52)
at org.testng.SuiteRunnerWorker.run(SuiteRunnerWorker.java:84)
at org.testng.TestNG.runSuitesSequentially(TestNG.java:1208)
at org.testng.TestNG.runSuitesLocally(TestNG.java:1137)
at org.testng.TestNG.runSuites(TestNG.java:1049)
at org.testng.TestNG.run(TestNG.java:1017)
at org.testng.remote.AbstractRemoteTestNG.run(AbstractRemoteTestNG.java:114)
at org.testng.remote.RemoteTestNG.initAndRun(RemoteTestNG.java:251)
at org.testng.remote.RemoteTestNG.main(RemoteTestNG.java:77)
]]>
    </failure>
  </testcase> <!-- navigated_to_the_same_article -->
  <testcase name="finish_notice_appears" time="0.056" classname="Stepdef.Maidenhead.POPSMO03_maidenhead_register_from_login_page"/>
</testsuite> <!-- Stepdef.Maidenhead.POPSMO03_maidenhead_register_from_login_page -->
